<?xml version="1.0" encoding="UTF-8"?>
<!-- Generated by org.testng.reporters.JUnitReportReporter -->
<testsuite skipped="0" hostname="DESKTOP-42B8VHB" name="Ovi_Test.Demo2Test" tests="1" failures="0" timestamp="2020-04-22T16:47:11 EDT" time="0.000" errors="0">
  <testcase name="ploan" time="0.000" classname="Ovi_Test.Demo2Test"/>
  <system-out/>
</testsuite> <!-- Ovi_Test.Demo2Test -->
