<?xml version="1.0" encoding="UTF-8"?>
<!-- Generated by org.testng.reporters.JUnitReportReporter -->
<testsuite skipped="0" hostname="DESKTOP-42B8VHB" name="Ovi_Test.Demo3Test" tests="8" failures="0" timestamp="2020-04-22T16:47:59 EDT" time="0.020" errors="0">
  <testcase name="LoginApiCarloan" time="0.002" classname="Ovi_Test.Demo3Test"/>
  <system-out/>
  <testcase name="MobileloginCarLoan" time="0.002" classname="Ovi_Test.Demo3Test"/>
  <system-out/>
  <testcase name="MobileLogicCarLoan" time="0.004" classname="Ovi_Test.Demo3Test"/>
  <system-out/>
  <testcase name="MobileSignInCarLoan" time="0.002" classname="Ovi_Test.Demo3Test"/>
  <system-out/>
  <testcase name="MobileSignOutCarLoan" time="0.007" classname="Ovi_Test.Demo3Test"/>
  <system-out/>
  <testcase name="MobileLogicCarLoan" time="0.000" classname="Ovi_Test.Demo3Test"/>
  <system-out/>
  <testcase name="WebloginCarLoan" time="0.001" classname="Ovi_Test.Demo3Test"/>
  <system-out/>
  <testcase name="MobileLogicCarLoan" time="0.002" classname="Ovi_Test.Demo3Test"/>
  <system-out/>
</testsuite> <!-- Ovi_Test.Demo3Test -->
