<?xml version="1.0" encoding="UTF-8"?>
<!-- Generated by org.testng.reporters.JUnitReportReporter -->
<testsuite skipped="0" hostname="DESKTOP-42B8VHB" name="Ovi_Test.Demo4Test" tests="3" failures="0" timestamp="2020-04-22T16:47:59 EDT" time="0.001" errors="0">
  <testcase name="LoginApiHomeloan" time="0.000" classname="Ovi_Test.Demo4Test"/>
  <system-out/>
  <testcase name="MobileLogicHomeLoan" time="0.001" classname="Ovi_Test.Demo4Test"/>
  <system-out/>
  <testcase name="WebloginHomeLoan" time="0.000" classname="Ovi_Test.Demo4Test"/>
  <system-out/>
</testsuite> <!-- Ovi_Test.Demo4Test -->
