<?xml version="1.0" encoding="UTF-8"?>
<!-- Generated by org.testng.reporters.JUnitReportReporter -->
<testsuite skipped="0" hostname="DESKTOP-42B8VHB" name="Ovi_Test.Demo1Test" tests="2" failures="0" timestamp="2020-04-22T16:47:59 EDT" time="0.003" errors="0">
  <testcase name="SecondTest" time="0.000" classname="Ovi_Test.Demo1Test"/>
  <system-out/>
  <testcase name="Demo" time="0.003" classname="Ovi_Test.Demo1Test"/>
  <system-out/>
</testsuite> <!-- Ovi_Test.Demo1Test -->
